# JRE version: OpenJDK Runtime Environment (11.0.13) (build 11.0.13+0-b1751.21-8125866)
# Java VM: OpenJDK 64-Bit Server VM (11.0.13+0-b1751.21-8125866, mixed mode, tiered, compressed oops, g1 gc, windows-amd64)
Heap:
 garbage-first heap   total 353280K, used 181200K [0x00000000a0000000, 0x0000000100000000)
  region size 1024K, 11 young (11264K), 3 survivors (3072K)
 Metaspace       used 93884K, capacity 98952K, committed 99152K, reserved 1134592K
  class space    used 12267K, capacity 13791K, committed 13824K, reserved 1048576K
GC Heap History (20 events):
Event: 46.020 GC heap before
{Heap before GC invocations=53 (full 0):
 garbage-first heap   total 189440K, used 146279K [0x00000000a0000000, 0x0000000100000000)
  region size 1024K, 24 young (24576K), 3 survivors (3072K)
 Metaspace       used 83382K, capacity 87302K, committed 87504K, reserved 1124352K
  class space    used 10876K, capacity 12098K, committed 12160K, reserved 1048576K
}
Event: 46.039 GC heap after
{Heap after GC invocations=54 (full 0):
 garbage-first heap   total 189440K, used 128140K [0x00000000a0000000, 0x0000000100000000)
  region size 1024K, 3 young (3072K), 3 survivors (3072K)
 Metaspace       used 83382K, capacity 87302K, committed 87504K, reserved 1124352K
  class space    used 10876K, capacity 12098K, committed 12160K, reserved 1048576K
}
Event: 46.462 GC heap before
{Heap before GC invocations=54 (full 0):
 garbage-first heap   total 189440K, used 147596K [0x00000000a0000000, 0x0000000100000000)
  region size 1024K, 23 young (23552K), 3 survivors (3072K)
 Metaspace       used 83595K, capacity 87744K, committed 87760K, reserved 1124352K
  class space    used 10907K, capacity 12158K, committed 12160K, reserved 1048576K
}
Event: 46.478 GC heap after
{Heap after GC invocations=55 (full 0):
 garbage-first heap   total 189440K, used 131372K [0x00000000a0000000, 0x0000000100000000)
  region size 1024K, 3 young (3072K), 3 survivors (3072K)
 Metaspace       used 83595K, capacity 87744K, committed 87760K, reserved 1124352K
  class space    used 10907K, capacity 12158K, committed 12160K, reserved 1048576K
}
Event: 47.079 GC heap before
{Heap before GC invocations=55 (full 0):
 garbage-first heap   total 189440K, used 151852K [0x00000000a0000000, 0x0000000100000000)
  region size 1024K, 23 young (23552K), 3 survivors (3072K)
 Metaspace       used 83852K, capacity 88221K, committed 88400K, reserved 1126400K
  class space    used 10950K, capacity 12266K, committed 12288K, reserved 1048576K
}
Event: 47.102 GC heap after
{Heap after GC invocations=56 (full 0):
 garbage-first heap   total 253952K, used 135168K [0x00000000a0000000, 0x0000000100000000)
  region size 1024K, 3 young (3072K), 3 survivors (3072K)
 Metaspace       used 83852K, capacity 88221K, committed 88400K, reserved 1126400K
  class space    used 10950K, capacity 12266K, committed 12288K, reserved 1048576K
}
Event: 47.343 GC heap before
{Heap before GC invocations=57 (full 0):
 garbage-first heap   total 253952K, used 145408K [0x00000000a0000000, 0x0000000100000000)
  region size 1024K, 14 young (14336K), 3 survivors (3072K)
 Metaspace       used 84017K, capacity 88560K, committed 88784K, reserved 1126400K
  class space    used 10973K, capacity 12329K, committed 12416K, reserved 1048576K
}
Event: 47.365 GC heap after
{Heap after GC invocations=58 (full 0):
 garbage-first heap   total 253952K, used 137089K [0x00000000a0000000, 0x0000000100000000)
  region size 1024K, 5 young (5120K), 5 survivors (5120K)
 Metaspace       used 84017K, capacity 88560K, committed 88784K, reserved 1126400K
  class space    used 10973K, capacity 12329K, committed 12416K, reserved 1048576K
}
Event: 48.915 GC heap before
{Heap before GC invocations=59 (full 0):
 garbage-first heap   total 253952K, used 173953K [0x00000000a0000000, 0x0000000100000000)
  region size 1024K, 40 young (40960K), 5 survivors (5120K)
 Metaspace       used 85189K, capacity 89987K, committed 90320K, reserved 1126400K
  class space    used 11142K, capacity 12588K, committed 12672K, reserved 1048576K
}
Event: 48.961 GC heap after
{Heap after GC invocations=60 (full 0):
 garbage-first heap   total 253952K, used 142459K [0x00000000a0000000, 0x0000000100000000)
  region size 1024K, 5 young (5120K), 5 survivors (5120K)
 Metaspace       used 85189K, capacity 89987K, committed 90320K, reserved 1126400K
  class space    used 11142K, capacity 12588K, committed 12672K, reserved 1048576K
}
Event: 53.604 GC heap before
{Heap before GC invocations=60 (full 0):
 garbage-first heap   total 253952K, used 178299K [0x00000000a0000000, 0x0000000100000000)
  region size 1024K, 40 young (40960K), 5 survivors (5120K)
 Metaspace       used 88203K, capacity 93029K, committed 93136K, reserved 1130496K
  class space    used 11609K, capacity 13078K, committed 13184K, reserved 1048576K
}
Event: 53.651 GC heap after
{Heap after GC invocations=61 (full 0):
 garbage-first heap   total 253952K, used 145726K [0x00000000a0000000, 0x0000000100000000)
  region size 1024K, 3 young (3072K), 3 survivors (3072K)
 Metaspace       used 88203K, capacity 93029K, committed 93136K, reserved 1130496K
  class space    used 11609K, capacity 13078K, committed 13184K, reserved 1048576K
}
Event: 55.651 GC heap before
{Heap before GC invocations=62 (full 0):
 garbage-first heap   total 253952K, used 183614K [0x00000000a0000000, 0x0000000100000000)
  region size 1024K, 40 young (40960K), 3 survivors (3072K)
 Metaspace       used 92070K, capacity 96930K, committed 97104K, reserved 1132544K
  class space    used 12071K, capacity 13530K, committed 13568K, reserved 1048576K
}
Event: 55.667 GC heap after
{Heap after GC invocations=63 (full 0):
 garbage-first heap   total 353280K, used 148960K [0x00000000a0000000, 0x0000000100000000)
  region size 1024K, 5 young (5120K), 5 survivors (5120K)
 Metaspace       used 92070K, capacity 96930K, committed 97104K, reserved 1132544K
  class space    used 12071K, capacity 13530K, committed 13568K, reserved 1048576K
}
Event: 61.588 GC heap before
{Heap before GC invocations=63 (full 0):
 garbage-first heap   total 353280K, used 218592K [0x00000000a0000000, 0x0000000100000000)
  region size 1024K, 73 young (74752K), 5 survivors (5120K)
 Metaspace       used 93537K, capacity 98450K, committed 98640K, reserved 1134592K
  class space    used 12227K, capacity 13699K, committed 13824K, reserved 1048576K
}
Event: 68.219 GC heap after
{Heap after GC invocations=64 (full 0):
 garbage-first heap   total 353280K, used 165462K [0x00000000a0000000, 0x0000000100000000)
  region size 1024K, 10 young (10240K), 10 survivors (10240K)
 Metaspace       used 93537K, capacity 98450K, committed 98640K, reserved 1134592K
  class space    used 12227K, capacity 13699K, committed 13824K, reserved 1048576K
}
Event: 72.152 GC heap before
{Heap before GC invocations=64 (full 0):
 garbage-first heap   total 353280K, used 172630K [0x00000000a0000000, 0x0000000100000000)
  region size 1024K, 17 young (17408K), 10 survivors (10240K)
 Metaspace       used 93572K, capacity 98524K, committed 98896K, reserved 1134592K
  class space    used 12228K, capacity 13701K, committed 13824K, reserved 1048576K
}
Event: 74.818 GC heap after
{Heap after GC invocations=65 (full 0):
 garbage-first heap   total 353280K, used 169399K [0x00000000a0000000, 0x0000000100000000)
  region size 1024K, 3 young (3072K), 3 survivors (3072K)
 Metaspace       used 93572K, capacity 98524K, committed 98896K, reserved 1134592K
  class space    used 12228K, capacity 13701K, committed 13824K, reserved 1048576K
}
Event: 95.975 GC heap before
{Heap before GC invocations=65 (full 0):
 garbage-first heap   total 353280K, used 183735K [0x00000000a0000000, 0x0000000100000000)
  region size 1024K, 17 young (17408K), 3 survivors (3072K)
 Metaspace       used 93695K, capacity 98679K, committed 98896K, reserved 1134592K
  class space    used 12244K, capacity 13772K, committed 13824K, reserved 1048576K
}
Event: 102.060 GC heap after
{Heap after GC invocations=66 (full 0):
 garbage-first heap   total 353280K, used 174032K [0x00000000a0000000, 0x0000000100000000)
  region size 1024K, 3 young (3072K), 3 survivors (3072K)
 Metaspace       used 93695K, capacity 98679K, committed 98896K, reserved 1134592K
  class space    used 12244K, capacity 13772K, committed 13824K, reserved 1048576K
}

